<?xml version="1.0" encoding="UTF-8"?>
<!-- Generated by org.testng.reporters.JUnitReportReporter -->
<testsuite hostname="WINDOWS-MKE5C3A" name="com.common.ats.SharedTestData.TestDataDbOperateEnterTest" tests="1" failures="0" timestamp="19 May 2015 11:26:39 GMT" time="0.873" errors="0">
  <testcase name="dbDelete" time="0.873" classname="com.common.ats.SharedTestData.TestDataDbOperateEnterTest"/>
</testsuite> <!-- com.common.ats.SharedTestData.TestDataDbOperateEnterTest -->
