<?xml version="1.0" encoding="UTF-8"?>
<!-- Generated by org.testng.reporters.JUnitReportReporter -->
<testsuite hostname="dell-pc" name="com.test.frame.test.testcase.ReadPropertiesContentsTest" tests="1" failures="0" timestamp="13 Aug 2018 14:19:28 GMT" time="0.203" errors="0">
  <testcase name="test" time="0.203" classname="com.test.frame.test.testcase.ReadPropertiesContentsTest"/>
</testsuite> <!-- com.test.frame.test.testcase.ReadPropertiesContentsTest -->
