<?xml version="1.0" encoding="UTF-8"?>
<!-- Generated by org.testng.reporters.JUnitReportReporter -->
<testsuite hostname="WINDOWS-MKE5C3A" name="test.java.com.TestExample_NormalTest" tests="1" failures="0" timestamp="19 May 2015 10:14:59 GMT" time="0.361" errors="0">
  <testcase name="oTestExample" time="0.361" classname="test.java.com.TestExample_NormalTest"/>
</testsuite> <!-- test.java.com.TestExample_NormalTest -->
