<?xml version="1.0" encoding="UTF-8"?>
<!-- Generated by org.testng.reporters.JUnitReportReporter -->
<testsuite hostname="WINDOWS-MKE5C3A" name="com.common.ats.PropertyUtils.ReadProperties.ReadPropertiesContentsTest" tests="1" failures="0" timestamp="13 Apr 2015 08:34:09 GMT" time="0.079" errors="0">
  <testcase name="test" time="0.079" classname="com.common.ats.PropertyUtils.ReadProperties.ReadPropertiesContentsTest"/>
</testsuite> <!-- com.common.ats.PropertyUtils.ReadProperties.ReadPropertiesContentsTest -->
