<?xml version="1.0" encoding="UTF-8"?>
<!-- Generated by org.testng.reporters.JUnitReportReporter -->
<testsuite hostname="dell-pc" name="com.test.frame.test.spring.TestDemo_NormalTest" tests="1" failures="0" timestamp="13 Sep 2018 14:37:10 GMT" time="0.042" errors="0">
  <testcase name="test_Normal" time="0.042" classname="com.test.frame.test.spring.TestDemo_NormalTest"/>
</testsuite> <!-- com.test.frame.test.spring.TestDemo_NormalTest -->
