<?xml version="1.0" encoding="UTF-8"?>
<!-- Generated by org.testng.reporters.JUnitReportReporter -->
<testsuite hostname="WINDOWS-MKE5C3A" name="com.testPlatform.test.GetMethodParamNames" tests="1" failures="0" timestamp="14 Apr 2015 07:19:31 GMT" time="0.055" errors="0">
  <testcase name="testT" time="0.055" classname="com.testPlatform.test.GetMethodParamNames"/>
</testsuite> <!-- com.testPlatform.test.GetMethodParamNames -->
