<?xml version="1.0" encoding="UTF-8"?>
<!-- Generated by org.testng.reporters.JUnitReportReporter -->
<testsuite hostname="yfb042" name="ligang13009.hundsun.com.TC.TC_NormalTest" tests="1" failures="0" timestamp="21 Nov 2015 05:36:01 GMT" time="0.569" errors="0">
  <testcase name="test" time="0.569" classname="ligang13009.hundsun.com.TC.TC_NormalTest"/>
</testsuite> <!-- ligang13009.hundsun.com.TC.TC_NormalTest -->
